[2025-07-15 23:19:49,062] INFO - DataFrame loaded successfully.
[2025-07-15 23:19:49,082] WARNING -  * Debugger is active!
[2025-07-15 23:19:49,084] INFO -  * Debugger PIN: 240-075-977
[2025-07-15 23:19:49,112] INFO - 127.0.0.1 - - [15/Jul/2025 23:19:49] "[35m[1mGET /audio/291bb42f-b3e6-44c2-b777-33f546e513a1.mp3 HTTP/1.1[0m" 206 -
[2025-07-15 23:19:50,450] INFO - 127.0.0.1 - - [15/Jul/2025 23:19:50] "GET / HTTP/1.1" 200 -
[2025-07-15 23:20:17,363] INFO - Voice input saved: static/audio\user_input.wav
[2025-07-15 23:20:19,182] INFO -  * Detected change in 'C:\\Users\\DELL\\anaconda3\\envs\\health_chatbot\\Lib\\site-packages\\torch\\cuda\\__init__.py', reloading
[2025-07-15 23:20:19,185] INFO -  * Detected change in 'C:\\Users\\DELL\\anaconda3\\envs\\health_chatbot\\Lib\\site-packages\\torch\\__init__.py', reloading
[2025-07-15 23:20:19,188] INFO -  * Detected change in 'C:\\Users\\DELL\\anaconda3\\envs\\health_chatbot\\Lib\\site-packages\\ctranslate2\\specs\\model_spec.py', reloading
[2025-07-15 23:20:19,190] INFO -  * Detected change in 'C:\\Users\\DELL\\anaconda3\\envs\\health_chatbot\\Lib\\site-packages\\ctranslate2\\specs\\common_spec.py', reloading
[2025-07-15 23:20:19,192] INFO -  * Detected change in 'C:\\Users\\DELL\\anaconda3\\envs\\health_chatbot\\Lib\\site-packages\\ctranslate2\\specs\\attention_spec.py', reloading
[2025-07-15 23:20:19,193] INFO -  * Detected change in 'C:\\Users\\DELL\\anaconda3\\envs\\health_chatbot\\Lib\\site-packages\\ctranslate2\\specs\\__init__.py', reloading
[2025-07-15 23:20:19,195] INFO -  * Detected change in 'C:\\Users\\DELL\\anaconda3\\envs\\health_chatbot\\Lib\\site-packages\\ctranslate2\\converters\\converter.py', reloading
[2025-07-15 23:20:19,196] INFO -  * Detected change in 'C:\\Users\\DELL\\anaconda3\\envs\\health_chatbot\\Lib\\site-packages\\ctranslate2\\converters\\__init__.py', reloading
[2025-07-15 23:20:19,198] INFO -  * Detected change in 'C:\\Users\\DELL\\anaconda3\\envs\\health_chatbot\\Lib\\site-packages\\ctranslate2\\__init__.py', reloading
[2025-07-15 23:20:19,201] INFO -  * Detected change in 'C:\\Users\\DELL\\anaconda3\\envs\\health_chatbot\\Lib\\site-packages\\faster_whisper\\transcribe.py', reloading
[2025-07-15 23:20:19,202] INFO -  * Detected change in 'C:\\Users\\DELL\\anaconda3\\envs\\health_chatbot\\Lib\\site-packages\\faster_whisper\\__init__.py', reloading
[2025-07-15 23:20:19,208] INFO -  * Detected change in 'C:\\Users\\DELL\\anaconda3\\envs\\health_chatbot\\Lib\\site-packages\\werkzeug\\debug\\__init__.py', reloading
[2025-07-15 23:20:19,211] INFO -  * Detected change in 'C:\\Users\\DELL\\anaconda3\\envs\\health_chatbot\\Lib\\site-packages\\werkzeug\\serving.py', reloading
[2025-07-15 23:20:19,214] INFO -  * Detected change in 'C:\\Users\\DELL\\anaconda3\\envs\\health_chatbot\\Lib\\http\\server.py', reloading
[2025-07-15 23:20:19,216] INFO -  * Detected change in 'C:\\Users\\DELL\\anaconda3\\envs\\health_chatbot\\Lib\\socketserver.py', reloading
[2025-07-15 23:20:19,219] INFO -  * Detected change in 'C:\\Users\\DELL\\anaconda3\\envs\\health_chatbot\\Lib\\threading.py', reloading
